<?xml version="1.0" encoding="UTF-8"?>
<testng-results skipped="0" failed="1" ignored="4" total="8" passed="3">
  <reporter-output>
  </reporter-output>
  <suite name="Default suite" duration-ms="62875" started-at="2019-06-16T16:06:13Z" finished-at="2019-06-16T16:07:16Z">
    <groups>
    </groups>
    <test name="Default test" duration-ms="62875" started-at="2019-06-16T16:06:13Z" finished-at="2019-06-16T16:07:16Z">
      <class name="com.Wonderwe.TestCases.TC_002_AnimalsPage">
        <test-method status="PASS" signature="SetUp()[pri:0, instance:com.Wonderwe.TestCases.TC_002_AnimalsPage@402a079c]" name="SetUp" is-config="true" duration-ms="46088" started-at="2019-06-16T21:35:27Z" finished-at="2019-06-16T21:36:13Z">
          <reporter-output>
          </reporter-output>
        </test-method> <!-- SetUp -->
        <test-method status="FAIL" signature="CountrySelect()[pri:0, instance:com.Wonderwe.TestCases.TC_002_AnimalsPage@402a079c]" name="CountrySelect" duration-ms="1112" started-at="2019-06-16T21:36:13Z" finished-at="2019-06-16T21:36:15Z">
          <exception class="org.openqa.selenium.NoSuchElementException">
            <message>
              <![CDATA[no such element: Unable to locate element: {"method":"id","selector":"COUNTRY"}
  (Session info: chrome=74.0.3729.169)
  (Driver info: chromedriver=2.35.528161 (5b82f2d2aae0ca24b877009200ced9065a772e73),platform=Windows NT 6.1.7601 SP1 x86_64) (WARNING: The server did not provide any stacktrace information)
Command duration or timeout: 47 milliseconds
For documentation on this error, please visit: http://seleniumhq.org/exceptions/no_such_element.html
Build info: version: '3.4.0', revision: 'unknown', time: 'unknown'
System info: host: 'ADMIN-PC', ip: '192.168.100.5', os.name: 'Windows 7', os.arch: 'amd64', os.version: '6.1', java.version: '1.8.0_211'
Driver info: org.openqa.selenium.chrome.ChromeDriver
Capabilities [{applicationCacheEnabled=false, rotatable=false, mobileEmulationEnabled=false, networkConnectionEnabled=false, chrome={chromedriverVersion=2.35.528161 (5b82f2d2aae0ca24b877009200ced9065a772e73), userDataDir=C:\Users\admin\AppData\Local\Temp\scoped_dir6572_11489}, takesHeapSnapshot=true, pageLoadStrategy=normal, databaseEnabled=false, handlesAlerts=true, hasTouchScreen=false, version=74.0.3729.169, platform=XP, browserConnectionEnabled=false, nativeEvents=true, acceptSslCerts=false, acceptInsecureCerts=false, locationContextEnabled=true, webStorageEnabled=true, browserName=chrome, takesScreenshot=true, javascriptEnabled=true, cssSelectorsEnabled=true, setWindowRect=true, unexpectedAlertBehaviour=}]
Session ID: f7be842357e05d666de7e9d9e7ccd171
*** Element info: {Using=id, value=COUNTRY}]]>
            </message>
            <full-stacktrace>
              <![CDATA[org.openqa.selenium.NoSuchElementException: no such element: Unable to locate element: {"method":"id","selector":"COUNTRY"}
  (Session info: chrome=74.0.3729.169)
  (Driver info: chromedriver=2.35.528161 (5b82f2d2aae0ca24b877009200ced9065a772e73),platform=Windows NT 6.1.7601 SP1 x86_64) (WARNING: The server did not provide any stacktrace information)
Command duration or timeout: 47 milliseconds
For documentation on this error, please visit: http://seleniumhq.org/exceptions/no_such_element.html
Build info: version: '3.4.0', revision: 'unknown', time: 'unknown'
System info: host: 'ADMIN-PC', ip: '192.168.100.5', os.name: 'Windows 7', os.arch: 'amd64', os.version: '6.1', java.version: '1.8.0_211'
Driver info: org.openqa.selenium.chrome.ChromeDriver
Capabilities [{applicationCacheEnabled=false, rotatable=false, mobileEmulationEnabled=false, networkConnectionEnabled=false, chrome={chromedriverVersion=2.35.528161 (5b82f2d2aae0ca24b877009200ced9065a772e73), userDataDir=C:\Users\admin\AppData\Local\Temp\scoped_dir6572_11489}, takesHeapSnapshot=true, pageLoadStrategy=normal, databaseEnabled=false, handlesAlerts=true, hasTouchScreen=false, version=74.0.3729.169, platform=XP, browserConnectionEnabled=false, nativeEvents=true, acceptSslCerts=false, acceptInsecureCerts=false, locationContextEnabled=true, webStorageEnabled=true, browserName=chrome, takesScreenshot=true, javascriptEnabled=true, cssSelectorsEnabled=true, setWindowRect=true, unexpectedAlertBehaviour=}]
Session ID: f7be842357e05d666de7e9d9e7ccd171
*** Element info: {Using=id, value=COUNTRY}
	at sun.reflect.NativeConstructorAccessorImpl.newInstance0(Native Method)
	at sun.reflect.NativeConstructorAccessorImpl.newInstance(Unknown Source)
	at sun.reflect.DelegatingConstructorAccessorImpl.newInstance(Unknown Source)
	at java.lang.reflect.Constructor.newInstance(Unknown Source)
	at org.openqa.selenium.remote.ErrorHandler.createThrowable(ErrorHandler.java:215)
	at org.openqa.selenium.remote.ErrorHandler.throwIfResponseFailed(ErrorHandler.java:167)
	at org.openqa.selenium.remote.RemoteWebDriver.execute(RemoteWebDriver.java:671)
	at org.openqa.selenium.remote.RemoteWebDriver.findElement(RemoteWebDriver.java:410)
	at org.openqa.selenium.remote.RemoteWebDriver.findElementById(RemoteWebDriver.java:453)
	at org.openqa.selenium.By$ById.findElement(By.java:218)
	at org.openqa.selenium.remote.RemoteWebDriver.findElement(RemoteWebDriver.java:402)
	at com.Wonderwe.PageObjects.Animals.Country(Animals.java:48)
	at com.Wonderwe.TestCases.TC_002_AnimalsPage.CountrySelect(TC_002_AnimalsPage.java:86)
	at sun.reflect.NativeMethodAccessorImpl.invoke0(Native Method)
	at sun.reflect.NativeMethodAccessorImpl.invoke(Unknown Source)
	at sun.reflect.DelegatingMethodAccessorImpl.invoke(Unknown Source)
	at java.lang.reflect.Method.invoke(Unknown Source)
	at org.testng.internal.MethodInvocationHelper.invokeMethod(MethodInvocationHelper.java:108)
	at org.testng.internal.Invoker.invokeMethod(Invoker.java:661)
	at org.testng.internal.Invoker.invokeTestMethod(Invoker.java:869)
	at org.testng.internal.Invoker.invokeTestMethods(Invoker.java:1193)
	at org.testng.internal.TestMethodWorker.invokeTestMethods(TestMethodWorker.java:126)
	at org.testng.internal.TestMethodWorker.run(TestMethodWorker.java:109)
	at org.testng.TestRunner.privateRun(TestRunner.java:744)
	at org.testng.TestRunner.run(TestRunner.java:602)
	at org.testng.SuiteRunner.runTest(SuiteRunner.java:380)
	at org.testng.SuiteRunner.runSequentially(SuiteRunner.java:375)
	at org.testng.SuiteRunner.privateRun(SuiteRunner.java:340)
	at org.testng.SuiteRunner.run(SuiteRunner.java:289)
	at org.testng.SuiteRunnerWorker.runSuite(SuiteRunnerWorker.java:52)
	at org.testng.SuiteRunnerWorker.run(SuiteRunnerWorker.java:86)
	at org.testng.TestNG.runSuitesSequentially(TestNG.java:1301)
	at org.testng.TestNG.runSuitesLocally(TestNG.java:1226)
	at org.testng.TestNG.runSuites(TestNG.java:1144)
	at org.testng.TestNG.run(TestNG.java:1115)
	at org.testng.remote.AbstractRemoteTestNG.run(AbstractRemoteTestNG.java:114)
	at org.testng.remote.RemoteTestNG.initAndRun(RemoteTestNG.java:251)
	at org.testng.remote.RemoteTestNG.main(RemoteTestNG.java:77)
]]>
            </full-stacktrace>
          </exception> <!-- org.openqa.selenium.NoSuchElementException -->
          <reporter-output>
          </reporter-output>
        </test-method> <!-- CountrySelect -->
        <test-method status="PASS" signature="Animalsss()[pri:2, instance:com.Wonderwe.TestCases.TC_002_AnimalsPage@402a079c]" name="Animalsss" duration-ms="26476" started-at="2019-06-16T21:36:25Z" finished-at="2019-06-16T21:36:51Z">
          <reporter-output>
          </reporter-output>
        </test-method> <!-- Animalsss -->
        <test-method status="PASS" signature="AnimalNatureFundriser()[pri:3, instance:com.Wonderwe.TestCases.TC_002_AnimalsPage@402a079c]" name="AnimalNatureFundriser" duration-ms="24958" started-at="2019-06-16T21:36:51Z" finished-at="2019-06-16T21:37:16Z">
          <reporter-output>
          </reporter-output>
        </test-method> <!-- AnimalNatureFundriser -->
      </class> <!-- com.Wonderwe.TestCases.TC_002_AnimalsPage -->
      <class name="com.Wonderwe.TestCases.TC_001_HomePage">
        <test-method status="PASS" signature="Title()[pri:1, instance:com.Wonderwe.TestCases.TC_001_HomePage@59ec2012]" name="Title" duration-ms="10234" started-at="2019-06-16T21:36:15Z" finished-at="2019-06-16T21:36:25Z">
          <reporter-output>
          </reporter-output>
        </test-method> <!-- Title -->
      </class> <!-- com.Wonderwe.TestCases.TC_001_HomePage -->
    </test> <!-- Default test -->
  </suite> <!-- Default suite -->
</testng-results>
